[debug] [2025-11-01T16:42:56.139Z] ----------------------------------------------------------------------
[debug] [2025-11-01T16:42:56.153Z] Command:       /Users/rahim/.nvm/versions/node/v22.20.0/bin/node /Users/rahim/.nvm/versions/node/v22.20.0/bin/firebase database:set /test/cli-test {"timestamp": 1234567890, "test": "value"} --instance ashramam-network-default-rtdb
[debug] [2025-11-01T16:42:56.153Z] CLI Version:   14.20.0
[debug] [2025-11-01T16:42:56.153Z] Platform:      darwin
[debug] [2025-11-01T16:42:56.153Z] Node Version:  v22.20.0
[debug] [2025-11-01T16:42:56.154Z] Time:          Sat Nov 01 2025 12:42:56 GMT-0400 (Eastern Daylight Time)
[debug] [2025-11-01T16:42:56.154Z] ----------------------------------------------------------------------
[debug] 
[debug] [2025-11-01T16:42:56.157Z] >>> [apiv2][query] GET https://firebase-public.firebaseio.com/cli.json [none]
[debug] [2025-11-01T16:42:56.734Z] > command requires scopes: ["email","openid","https://www.googleapis.com/auth/cloudplatformprojects.readonly","https://www.googleapis.com/auth/firebase","https://www.googleapis.com/auth/cloud-platform"]
[debug] [2025-11-01T16:42:56.735Z] > authorizing via signed-in user (raimu456@gmail.com)
[debug] [2025-11-01T16:42:56.735Z] [iam] checking project ashramam-network for permissions ["firebase.projects.get","firebasedatabase.instances.update"]
[debug] [2025-11-01T16:42:56.735Z] Checked if tokens are valid: false, expires at: 1761887488781
[debug] [2025-11-01T16:42:56.736Z] Checked if tokens are valid: false, expires at: 1761887488781
[debug] [2025-11-01T16:42:56.736Z] > refreshing access token with scopes: []
[debug] [2025-11-01T16:42:56.737Z] >>> [apiv2][query] POST https://www.googleapis.com/oauth2/v3/token [none]
[debug] [2025-11-01T16:42:56.737Z] >>> [apiv2][body] POST https://www.googleapis.com/oauth2/v3/token [omitted]
[debug] [2025-11-01T16:42:56.842Z] <<< [apiv2][status] GET https://firebase-public.firebaseio.com/cli.json 200
[debug] [2025-11-01T16:42:56.843Z] <<< [apiv2][body] GET https://firebase-public.firebaseio.com/cli.json {"cloudBuildErrorAfter":1594252800000,"cloudBuildWarnAfter":1590019200000,"defaultNode10After":1594252800000,"minVersion":"3.0.5","node8DeploysDisabledAfter":1613390400000,"node8RuntimeDisabledAfter":1615809600000,"node8WarnAfter":1600128000000}
[debug] [2025-11-01T16:42:56.885Z] <<< [apiv2][status] POST https://www.googleapis.com/oauth2/v3/token 200
[debug] [2025-11-01T16:42:56.885Z] <<< [apiv2][body] POST https://www.googleapis.com/oauth2/v3/token [omitted]
[debug] [2025-11-01T16:42:56.910Z] >>> [apiv2][query] POST https://cloudresourcemanager.googleapis.com/v1/projects/ashramam-network:testIamPermissions [none]
[debug] [2025-11-01T16:42:56.910Z] >>> [apiv2][(partial)header] POST https://cloudresourcemanager.googleapis.com/v1/projects/ashramam-network:testIamPermissions x-goog-quota-user=projects/ashramam-network
[debug] [2025-11-01T16:42:56.910Z] >>> [apiv2][body] POST https://cloudresourcemanager.googleapis.com/v1/projects/ashramam-network:testIamPermissions {"permissions":["firebase.projects.get","firebasedatabase.instances.update"]}
[debug] [2025-11-01T16:42:57.190Z] <<< [apiv2][status] POST https://cloudresourcemanager.googleapis.com/v1/projects/ashramam-network:testIamPermissions 200
[debug] [2025-11-01T16:42:57.190Z] <<< [apiv2][body] POST https://cloudresourcemanager.googleapis.com/v1/projects/ashramam-network:testIamPermissions {"permissions":["firebase.projects.get","firebasedatabase.instances.update"]}
[debug] [2025-11-01T16:42:57.191Z] Checked if tokens are valid: true, expires at: 1762018975886
[debug] [2025-11-01T16:42:57.191Z] Checked if tokens are valid: true, expires at: 1762018975886
[debug] [2025-11-01T16:42:57.191Z] >>> [apiv2][query] GET https://firebasedatabase.googleapis.com/v1beta/projects/ashramam-network/locations/-/instances/ashramam-network-default-rtdb [none]
[debug] [2025-11-01T16:42:57.502Z] <<< [apiv2][status] GET https://firebasedatabase.googleapis.com/v1beta/projects/ashramam-network/locations/-/instances/ashramam-network-default-rtdb 200
[debug] [2025-11-01T16:42:57.502Z] <<< [apiv2][body] GET https://firebasedatabase.googleapis.com/v1beta/projects/ashramam-network/locations/-/instances/ashramam-network-default-rtdb {"name":"projects/135445089005/locations/us-central1/instances/ashramam-network-default-rtdb","project":"projects/135445089005","databaseUrl":"https://ashramam-network-default-rtdb.firebaseio.com","type":"DEFAULT_DATABASE","state":"ACTIVE"}
